2015-04-12 11:07:44 [main:1790]-[INFO] FrameworkServlet 'dispatcher': initialization started
2015-04-12 11:07:44 [main:1806]-[INFO] Refreshing WebApplicationContext for namespace 'dispatcher-servlet': startup date [Sun Apr 12 11:07:44 CST 2015]; parent: Root WebApplicationContext
2015-04-12 11:07:44 [main:1806]-[INFO] Loading XML bean definitions from class path resource [dispatcher-servlet.xml]
2015-04-12 11:07:45 [main:2118]-[INFO] Pre-instantiating singletons in org.springframework.beans.factory.support.DefaultListableBeanFactory@108f2ca6: defining beans [org.springframework.web.servlet.resource.DefaultServletHttpRequestHandler#0,org.springframework.web.servlet.handler.SimpleUrlHandlerMapping#0,org.springframework.web.servlet.handler.BeanNameUrlHandlerMapping,org.springframework.web.servlet.mvc.HttpRequestHandlerAdapter,org.springframework.web.servlet.mvc.SimpleControllerHandlerAdapter,org.springframework.web.servlet.mvc.method.annotation.RequestMappingHandlerMapping#0,org.springframework.format.support.FormattingConversionServiceFactoryBean#0,org.springframework.web.servlet.mvc.method.annotation.RequestMappingHandlerAdapter#0,org.springframework.web.servlet.handler.MappedInterceptor#0,org.springframework.web.servlet.mvc.method.annotation.ExceptionHandlerExceptionResolver#0,org.springframework.web.servlet.mvc.annotation.ResponseStatusExceptionResolver#0,org.springframework.web.servlet.mvc.support.DefaultHandlerExceptionResolver#0,coreController,eventController,messageController,org.springframework.context.annotation.internalConfigurationAnnotationProcessor,org.springframework.context.annotation.internalAutowiredAnnotationProcessor,org.springframework.context.annotation.internalRequiredAnnotationProcessor,org.springframework.context.annotation.internalCommonAnnotationProcessor,org.springframework.context.annotation.internalPersistenceAnnotationProcessor,viewResolver,contentNegotiatingViewResolver,multipartResolver,org.springframework.context.annotation.ConfigurationClassPostProcessor$ImportAwareBeanPostProcessor#0]; parent: org.springframework.beans.factory.support.DefaultListableBeanFactory@435bb0f
2015-04-12 11:07:45 [main:2290]-[INFO] Mapped URL path [/**] onto handler 'org.springframework.web.servlet.resource.DefaultServletHttpRequestHandler#0'
2015-04-12 11:07:45 [main:2384]-[INFO] Mapped "{[/core],methods=[POST],params=[],headers=[],consumes=[],produces=[],custom=[]}" onto public void cn.flower.tick.web.wechat.CoreController.execute(java.lang.String,java.lang.String,java.lang.String,java.lang.String,javax.servlet.http.HttpServletRequest)
2015-04-12 11:07:45 [main:2384]-[INFO] Mapped "{[/core],methods=[GET],params=[],headers=[],consumes=[],produces=[],custom=[]}" onto public java.lang.String cn.flower.tick.web.wechat.CoreController.varifySignature(java.lang.String,java.lang.String,java.lang.String,java.lang.String,javax.servlet.http.HttpServletRequest)
2015-04-12 11:07:45 [main:2384]-[INFO] Mapped "{[/msg/receive],methods=[],params=[],headers=[],consumes=[],produces=[],custom=[]}" onto public void cn.flower.tick.web.wechat.MessageController.handler(javax.servlet.http.HttpServletRequest)
2015-04-12 11:07:46 [main:3557]-[INFO] FrameworkServlet 'dispatcher': initialization completed in 1751 ms
2015-04-12 11:08:01 [413536612@qtp-1382393727-0:18276]-[INFO] CoreController : 1428644147424230924chenchen
2015-04-12 11:08:01 [413536612@qtp-1382393727-0:18283]-[INFO] CoreController : 54AA2D38233763FD2B4360644DCFEB6A32E6D50E
2015-04-12 11:35:32 [1966]-[INFO] FrameworkServlet 'dispatcher': initialization started
2015-04-12 11:35:32 [1974]-[INFO] Refreshing WebApplicationContext for namespace 'dispatcher-servlet': startup date [Sun Apr 12 11:35:32 CST 2015]; parent: Root WebApplicationContext
2015-04-12 11:35:32 [1979]-[INFO] Loading XML bean definitions from class path resource [dispatcher-servlet.xml]
2015-04-12 11:35:32 [2272]-[INFO] Pre-instantiating singletons in org.springframework.beans.factory.support.DefaultListableBeanFactory@27bc4ec8: defining beans [org.springframework.web.servlet.resource.DefaultServletHttpRequestHandler#0,org.springframework.web.servlet.handler.SimpleUrlHandlerMapping#0,org.springframework.web.servlet.handler.BeanNameUrlHandlerMapping,org.springframework.web.servlet.mvc.HttpRequestHandlerAdapter,org.springframework.web.servlet.mvc.SimpleControllerHandlerAdapter,org.springframework.web.servlet.mvc.method.annotation.RequestMappingHandlerMapping#0,org.springframework.format.support.FormattingConversionServiceFactoryBean#0,org.springframework.web.servlet.mvc.method.annotation.RequestMappingHandlerAdapter#0,org.springframework.web.servlet.handler.MappedInterceptor#0,org.springframework.web.servlet.mvc.method.annotation.ExceptionHandlerExceptionResolver#0,org.springframework.web.servlet.mvc.annotation.ResponseStatusExceptionResolver#0,org.springframework.web.servlet.mvc.support.DefaultHandlerExceptionResolver#0,coreController,eventController,messageController,org.springframework.context.annotation.internalConfigurationAnnotationProcessor,org.springframework.context.annotation.internalAutowiredAnnotationProcessor,org.springframework.context.annotation.internalRequiredAnnotationProcessor,org.springframework.context.annotation.internalCommonAnnotationProcessor,org.springframework.context.annotation.internalPersistenceAnnotationProcessor,viewResolver,contentNegotiatingViewResolver,multipartResolver,org.springframework.context.annotation.ConfigurationClassPostProcessor$ImportAwareBeanPostProcessor#0]; parent: org.springframework.beans.factory.support.DefaultListableBeanFactory@720e4245
2015-04-12 11:35:32 [2419]-[INFO] Mapped URL path [/**] onto handler 'org.springframework.web.servlet.resource.DefaultServletHttpRequestHandler#0'
2015-04-12 11:35:32 [2520]-[INFO] Mapped "{[/core],methods=[POST],params=[],headers=[],consumes=[],produces=[],custom=[]}" onto public void cn.flower.tick.web.wechat.CoreController.execute(java.lang.String,java.lang.String,java.lang.String,java.lang.String,javax.servlet.http.HttpServletRequest)
2015-04-12 11:35:32 [2520]-[INFO] Mapped "{[/core],methods=[GET],params=[],headers=[],consumes=[],produces=[],custom=[]}" onto public java.lang.String cn.flower.tick.web.wechat.CoreController.varifySignature(java.lang.String,java.lang.String,java.lang.String,java.lang.String,javax.servlet.http.HttpServletRequest)
2015-04-12 11:35:32 [2520]-[INFO] Mapped "{[/msg/receive],methods=[],params=[],headers=[],consumes=[],produces=[],custom=[]}" onto public void cn.flower.tick.web.wechat.MessageController.handler(javax.servlet.http.HttpServletRequest)
2015-04-12 11:35:33 [3522]-[INFO] FrameworkServlet 'dispatcher': initialization completed in 1556 ms
2015-04-12 11:35:42 [12008]-[INFO] CoreController : 1428644147424230924chenchen
2015-04-12 11:35:42 [12008]-[INFO] CoreController : 54AA2D38233763FD2B4360644DCFEB6A32E6D50E
2015-04-12 11:36:21 [1486]-[INFO] FrameworkServlet 'dispatcher': initialization started
2015-04-12 11:36:21 [1486]-[INFO] Refreshing WebApplicationContext for namespace 'dispatcher-servlet': startup date [Sun Apr 12 11:36:21 CST 2015]; parent: Root WebApplicationContext
2015-04-12 11:36:21 [1486]-[INFO] Loading XML bean definitions from class path resource [dispatcher-servlet.xml]
2015-04-12 11:36:21 [1776]-[INFO] Pre-instantiating singletons in org.springframework.beans.factory.support.DefaultListableBeanFactory@746a63d3: defining beans [org.springframework.web.servlet.resource.DefaultServletHttpRequestHandler#0,org.springframework.web.servlet.handler.SimpleUrlHandlerMapping#0,org.springframework.web.servlet.handler.BeanNameUrlHandlerMapping,org.springframework.web.servlet.mvc.HttpRequestHandlerAdapter,org.springframework.web.servlet.mvc.SimpleControllerHandlerAdapter,org.springframework.web.servlet.mvc.method.annotation.RequestMappingHandlerMapping#0,org.springframework.format.support.FormattingConversionServiceFactoryBean#0,org.springframework.web.servlet.mvc.method.annotation.RequestMappingHandlerAdapter#0,org.springframework.web.servlet.handler.MappedInterceptor#0,org.springframework.web.servlet.mvc.method.annotation.ExceptionHandlerExceptionResolver#0,org.springframework.web.servlet.mvc.annotation.ResponseStatusExceptionResolver#0,org.springframework.web.servlet.mvc.support.DefaultHandlerExceptionResolver#0,coreController,eventController,messageController,org.springframework.context.annotation.internalConfigurationAnnotationProcessor,org.springframework.context.annotation.internalAutowiredAnnotationProcessor,org.springframework.context.annotation.internalRequiredAnnotationProcessor,org.springframework.context.annotation.internalCommonAnnotationProcessor,org.springframework.context.annotation.internalPersistenceAnnotationProcessor,viewResolver,contentNegotiatingViewResolver,multipartResolver,org.springframework.context.annotation.ConfigurationClassPostProcessor$ImportAwareBeanPostProcessor#0]; parent: org.springframework.beans.factory.support.DefaultListableBeanFactory@7df0b7d3
2015-04-12 11:36:21 [1979]-[INFO] Mapped URL path [/**] onto handler 'org.springframework.web.servlet.resource.DefaultServletHttpRequestHandler#0'
2015-04-12 11:36:21 [2077]-[INFO] Mapped "{[/core],methods=[POST],params=[],headers=[],consumes=[],produces=[],custom=[]}" onto public void cn.flower.tick.web.wechat.CoreController.execute(java.lang.String,java.lang.String,java.lang.String,java.lang.String,javax.servlet.http.HttpServletRequest)
2015-04-12 11:36:21 [2077]-[INFO] Mapped "{[/core],methods=[GET],params=[],headers=[],consumes=[],produces=[],custom=[]}" onto public java.lang.String cn.flower.tick.web.wechat.CoreController.varifySignature(java.lang.String,java.lang.String,java.lang.String,java.lang.String,javax.servlet.http.HttpServletRequest)
2015-04-12 11:36:21 [2077]-[INFO] Mapped "{[/msg/receive],methods=[],params=[],headers=[],consumes=[],produces=[],custom=[]}" onto public void cn.flower.tick.web.wechat.MessageController.handler(javax.servlet.http.HttpServletRequest)
2015-04-12 11:36:22 [3292]-[INFO] FrameworkServlet 'dispatcher': initialization completed in 1806 ms
2015-04-12 11:36:29 [9612]-[INFO] CoreController : 1428644147424230924chenchen
2015-04-12 11:36:29 [9616]-[INFO] CoreController : 54AA2D38233763FD2B4360644DCFEB6A32E6D50E
2015-04-12 11:36:29 [9632]-[INFO] MessageController : 处理消息， handle msg
2015-04-12 11:40:17 [1481]-[INFO] FrameworkServlet 'dispatcher': initialization started
2015-04-12 11:40:17 [1481]-[INFO] Refreshing WebApplicationContext for namespace 'dispatcher-servlet': startup date [Sun Apr 12 11:40:17 CST 2015]; parent: Root WebApplicationContext
2015-04-12 11:40:17 [1499]-[INFO] Loading XML bean definitions from class path resource [dispatcher-servlet.xml]
2015-04-12 11:40:17 [1776]-[INFO] Pre-instantiating singletons in org.springframework.beans.factory.support.DefaultListableBeanFactory@746a63d3: defining beans [org.springframework.web.servlet.resource.DefaultServletHttpRequestHandler#0,org.springframework.web.servlet.handler.SimpleUrlHandlerMapping#0,org.springframework.web.servlet.handler.BeanNameUrlHandlerMapping,org.springframework.web.servlet.mvc.HttpRequestHandlerAdapter,org.springframework.web.servlet.mvc.SimpleControllerHandlerAdapter,org.springframework.web.servlet.mvc.method.annotation.RequestMappingHandlerMapping#0,org.springframework.format.support.FormattingConversionServiceFactoryBean#0,org.springframework.web.servlet.mvc.method.annotation.RequestMappingHandlerAdapter#0,org.springframework.web.servlet.handler.MappedInterceptor#0,org.springframework.web.servlet.mvc.method.annotation.ExceptionHandlerExceptionResolver#0,org.springframework.web.servlet.mvc.annotation.ResponseStatusExceptionResolver#0,org.springframework.web.servlet.mvc.support.DefaultHandlerExceptionResolver#0,coreController,eventController,messageController,org.springframework.context.annotation.internalConfigurationAnnotationProcessor,org.springframework.context.annotation.internalAutowiredAnnotationProcessor,org.springframework.context.annotation.internalRequiredAnnotationProcessor,org.springframework.context.annotation.internalCommonAnnotationProcessor,org.springframework.context.annotation.internalPersistenceAnnotationProcessor,viewResolver,contentNegotiatingViewResolver,multipartResolver,org.springframework.context.annotation.ConfigurationClassPostProcessor$ImportAwareBeanPostProcessor#0]; parent: org.springframework.beans.factory.support.DefaultListableBeanFactory@7df0b7d3
2015-04-12 11:40:18 [1902]-[INFO] Mapped URL path [/**] onto handler 'org.springframework.web.servlet.resource.DefaultServletHttpRequestHandler#0'
2015-04-12 11:40:18 [1996]-[INFO] Mapped "{[/core],methods=[POST],params=[],headers=[],consumes=[],produces=[],custom=[]}" onto public void cn.flower.tick.web.wechat.CoreController.execute(java.lang.String,java.lang.String,java.lang.String,java.lang.String,javax.servlet.http.HttpServletRequest)
2015-04-12 11:40:18 [2011]-[INFO] Mapped "{[/core],methods=[GET],params=[],headers=[],consumes=[],produces=[],custom=[]}" onto public java.lang.String cn.flower.tick.web.wechat.CoreController.varifySignature(java.lang.String,java.lang.String,java.lang.String,java.lang.String,javax.servlet.http.HttpServletRequest)
2015-04-12 11:40:18 [2011]-[INFO] Mapped "{[/msg/receive],methods=[],params=[],headers=[],consumes=[],produces=[],custom=[]}" onto public void cn.flower.tick.web.wechat.MessageController.handler(javax.servlet.http.HttpServletRequest)
2015-04-12 11:40:19 [3197]-[INFO] FrameworkServlet 'dispatcher': initialization completed in 1716 ms
2015-04-12 11:45:35 [319056]-[INFO] CoreController : 1428644147424230924chenchen
2015-04-12 11:45:35 [319068]-[INFO] CoreController : 54AA2D38233763FD2B4360644DCFEB6A32E6D50E
2015-04-12 11:45:35 [319069]-[INFO] MessageController : 处理消息， handle msg
2015-04-12 11:45:46 [330289]-[INFO] CoreController : 1428644147424230924chenchen
2015-04-12 11:45:46 [330289]-[INFO] CoreController : 54AA2D38233763FD2B4360644DCFEB6A32E6D50E
2015-04-12 11:45:46 [330295]-[INFO] MessageController : 处理消息， handle msg
2015-04-12 11:56:56 [1444]-[INFO] FrameworkServlet 'dispatcher': initialization started
2015-04-12 11:56:56 [1459]-[INFO] Refreshing WebApplicationContext for namespace 'dispatcher-servlet': startup date [Sun Apr 12 11:56:56 CST 2015]; parent: Root WebApplicationContext
2015-04-12 11:56:56 [1459]-[INFO] Loading XML bean definitions from class path resource [dispatcher-servlet.xml]
2015-04-12 11:56:56 [1711]-[INFO] Pre-instantiating singletons in org.springframework.beans.factory.support.DefaultListableBeanFactory@72898540: defining beans [org.springframework.web.servlet.resource.DefaultServletHttpRequestHandler#0,org.springframework.web.servlet.handler.SimpleUrlHandlerMapping#0,org.springframework.web.servlet.handler.BeanNameUrlHandlerMapping,org.springframework.web.servlet.mvc.HttpRequestHandlerAdapter,org.springframework.web.servlet.mvc.SimpleControllerHandlerAdapter,org.springframework.web.servlet.mvc.method.annotation.RequestMappingHandlerMapping#0,org.springframework.format.support.FormattingConversionServiceFactoryBean#0,org.springframework.web.servlet.mvc.method.annotation.RequestMappingHandlerAdapter#0,org.springframework.web.servlet.handler.MappedInterceptor#0,org.springframework.web.servlet.mvc.method.annotation.ExceptionHandlerExceptionResolver#0,org.springframework.web.servlet.mvc.annotation.ResponseStatusExceptionResolver#0,org.springframework.web.servlet.mvc.support.DefaultHandlerExceptionResolver#0,coreController,eventController,messageController,org.springframework.context.annotation.internalConfigurationAnnotationProcessor,org.springframework.context.annotation.internalAutowiredAnnotationProcessor,org.springframework.context.annotation.internalRequiredAnnotationProcessor,org.springframework.context.annotation.internalCommonAnnotationProcessor,org.springframework.context.annotation.internalPersistenceAnnotationProcessor,viewResolver,contentNegotiatingViewResolver,multipartResolver,org.springframework.context.annotation.ConfigurationClassPostProcessor$ImportAwareBeanPostProcessor#0]; parent: org.springframework.beans.factory.support.DefaultListableBeanFactory@620fa83
2015-04-12 11:56:56 [1866]-[INFO] Mapped URL path [/**] onto handler 'org.springframework.web.servlet.resource.DefaultServletHttpRequestHandler#0'
2015-04-12 11:56:56 [1975]-[INFO] Mapped "{[/core],methods=[POST],params=[],headers=[],consumes=[],produces=[],custom=[]}" onto public void cn.flower.tick.web.wechat.CoreController.execute(java.lang.String,java.lang.String,java.lang.String,java.lang.String,javax.servlet.http.HttpServletRequest)
2015-04-12 11:56:56 [1975]-[INFO] Mapped "{[/core],methods=[GET],params=[],headers=[],consumes=[],produces=[],custom=[]}" onto public java.lang.String cn.flower.tick.web.wechat.CoreController.varifySignature(java.lang.String,java.lang.String,java.lang.String,java.lang.String,javax.servlet.http.HttpServletRequest)
2015-04-12 11:56:56 [1975]-[INFO] Mapped "{[/msg/receive],methods=[],params=[],headers=[],consumes=[],produces=[],custom=[]}" onto public void cn.flower.tick.web.wechat.MessageController.handler(javax.servlet.http.HttpServletRequest)
2015-04-12 11:56:57 [3087]-[INFO] FrameworkServlet 'dispatcher': initialization completed in 1628 ms
2015-04-12 11:57:16 [21861]-[INFO] CoreController : 1428644147424230924chenchen
2015-04-12 11:57:16 [21863]-[INFO] CoreController : 54AA2D38233763FD2B4360644DCFEB6A32E6D50E
2015-04-12 11:57:48 [53304]-[INFO] CoreController : 1428644147424230924chenchen
2015-04-12 11:57:48 [53319]-[INFO] CoreController : 54AA2D38233763FD2B4360644DCFEB6A32E6D50E
2015-04-12 11:57:49 [54230]-[INFO] CoreController : 1428644147424230924chenchen
2015-04-12 11:57:49 [54231]-[INFO] CoreController : 54AA2D38233763FD2B4360644DCFEB6A32E6D50E
2015-04-12 11:57:49 [55164]-[INFO] CoreController : 1428644147424230924chenchen
2015-04-12 11:57:50 [55178]-[INFO] CoreController : 54AA2D38233763FD2B4360644DCFEB6A32E6D50E
2015-04-12 11:58:04 [1466]-[INFO] FrameworkServlet 'dispatcher': initialization started
2015-04-12 11:58:04 [1466]-[INFO] Refreshing WebApplicationContext for namespace 'dispatcher-servlet': startup date [Sun Apr 12 11:58:04 CST 2015]; parent: Root WebApplicationContext
2015-04-12 11:58:04 [1482]-[INFO] Loading XML bean definitions from class path resource [dispatcher-servlet.xml]
2015-04-12 11:58:04 [1769]-[INFO] Pre-instantiating singletons in org.springframework.beans.factory.support.DefaultListableBeanFactory@2db6235b: defining beans [org.springframework.web.servlet.resource.DefaultServletHttpRequestHandler#0,org.springframework.web.servlet.handler.SimpleUrlHandlerMapping#0,org.springframework.web.servlet.handler.BeanNameUrlHandlerMapping,org.springframework.web.servlet.mvc.HttpRequestHandlerAdapter,org.springframework.web.servlet.mvc.SimpleControllerHandlerAdapter,org.springframework.web.servlet.mvc.method.annotation.RequestMappingHandlerMapping#0,org.springframework.format.support.FormattingConversionServiceFactoryBean#0,org.springframework.web.servlet.mvc.method.annotation.RequestMappingHandlerAdapter#0,org.springframework.web.servlet.handler.MappedInterceptor#0,org.springframework.web.servlet.mvc.method.annotation.ExceptionHandlerExceptionResolver#0,org.springframework.web.servlet.mvc.annotation.ResponseStatusExceptionResolver#0,org.springframework.web.servlet.mvc.support.DefaultHandlerExceptionResolver#0,coreController,eventController,messageController,org.springframework.context.annotation.internalConfigurationAnnotationProcessor,org.springframework.context.annotation.internalAutowiredAnnotationProcessor,org.springframework.context.annotation.internalRequiredAnnotationProcessor,org.springframework.context.annotation.internalCommonAnnotationProcessor,org.springframework.context.annotation.internalPersistenceAnnotationProcessor,viewResolver,contentNegotiatingViewResolver,multipartResolver,org.springframework.context.annotation.ConfigurationClassPostProcessor$ImportAwareBeanPostProcessor#0]; parent: org.springframework.beans.factory.support.DefaultListableBeanFactory@46b4be3d
2015-04-12 11:58:05 [1920]-[INFO] Mapped URL path [/**] onto handler 'org.springframework.web.servlet.resource.DefaultServletHttpRequestHandler#0'
2015-04-12 11:58:05 [1998]-[INFO] Mapped "{[/core],methods=[POST],params=[],headers=[],consumes=[],produces=[],custom=[]}" onto public void cn.flower.tick.web.wechat.CoreController.execute(java.lang.String,java.lang.String,java.lang.String,java.lang.String,javax.servlet.http.HttpServletRequest)
2015-04-12 11:58:05 [1998]-[INFO] Mapped "{[/core],methods=[GET],params=[],headers=[],consumes=[],produces=[],custom=[]}" onto public java.lang.String cn.flower.tick.web.wechat.CoreController.varifySignature(java.lang.String,java.lang.String,java.lang.String,java.lang.String,javax.servlet.http.HttpServletRequest)
2015-04-12 11:58:05 [2013]-[INFO] Mapped "{[/msg/receive],methods=[],params=[],headers=[],consumes=[],produces=[],custom=[]}" onto public void cn.flower.tick.web.wechat.MessageController.handler(javax.servlet.http.HttpServletRequest)
2015-04-12 11:58:06 [3203]-[INFO] FrameworkServlet 'dispatcher': initialization completed in 1737 ms
2015-04-12 11:58:13 [9866]-[INFO] CoreController : 1428644147424230924chenchen
2015-04-12 11:58:13 [9866]-[INFO] CoreController : 54AA2D38233763FD2B4360644DCFEB6A32E6D50E
2015-04-12 11:58:31 [1722]-[INFO] FrameworkServlet 'dispatcher': initialization started
2015-04-12 11:58:31 [1737]-[INFO] Refreshing WebApplicationContext for namespace 'dispatcher-servlet': startup date [Sun Apr 12 11:58:31 CST 2015]; parent: Root WebApplicationContext
2015-04-12 11:58:31 [1737]-[INFO] Loading XML bean definitions from class path resource [dispatcher-servlet.xml]
2015-04-12 11:58:32 [2095]-[INFO] Pre-instantiating singletons in org.springframework.beans.factory.support.DefaultListableBeanFactory@108f2ca6: defining beans [org.springframework.web.servlet.resource.DefaultServletHttpRequestHandler#0,org.springframework.web.servlet.handler.SimpleUrlHandlerMapping#0,org.springframework.web.servlet.handler.BeanNameUrlHandlerMapping,org.springframework.web.servlet.mvc.HttpRequestHandlerAdapter,org.springframework.web.servlet.mvc.SimpleControllerHandlerAdapter,org.springframework.web.servlet.mvc.method.annotation.RequestMappingHandlerMapping#0,org.springframework.format.support.FormattingConversionServiceFactoryBean#0,org.springframework.web.servlet.mvc.method.annotation.RequestMappingHandlerAdapter#0,org.springframework.web.servlet.handler.MappedInterceptor#0,org.springframework.web.servlet.mvc.method.annotation.ExceptionHandlerExceptionResolver#0,org.springframework.web.servlet.mvc.annotation.ResponseStatusExceptionResolver#0,org.springframework.web.servlet.mvc.support.DefaultHandlerExceptionResolver#0,coreController,eventController,messageController,org.springframework.context.annotation.internalConfigurationAnnotationProcessor,org.springframework.context.annotation.internalAutowiredAnnotationProcessor,org.springframework.context.annotation.internalRequiredAnnotationProcessor,org.springframework.context.annotation.internalCommonAnnotationProcessor,org.springframework.context.annotation.internalPersistenceAnnotationProcessor,viewResolver,contentNegotiatingViewResolver,multipartResolver,org.springframework.context.annotation.ConfigurationClassPostProcessor$ImportAwareBeanPostProcessor#0]; parent: org.springframework.beans.factory.support.DefaultListableBeanFactory@5f1eb199
2015-04-12 11:58:32 [2253]-[INFO] Mapped URL path [/**] onto handler 'org.springframework.web.servlet.resource.DefaultServletHttpRequestHandler#0'
2015-04-12 11:58:32 [2354]-[INFO] Mapped "{[/core],methods=[POST],params=[],headers=[],consumes=[],produces=[],custom=[]}" onto public void cn.flower.tick.web.wechat.CoreController.execute(java.lang.String,java.lang.String,java.lang.String,java.lang.String,javax.servlet.http.HttpServletRequest)
2015-04-12 11:58:32 [2354]-[INFO] Mapped "{[/core],methods=[GET],params=[],headers=[],consumes=[],produces=[],custom=[]}" onto public java.lang.String cn.flower.tick.web.wechat.CoreController.varifySignature(java.lang.String,java.lang.String,java.lang.String,java.lang.String,javax.servlet.http.HttpServletRequest)
2015-04-12 11:58:32 [2354]-[INFO] Mapped "{[/msg/receive],methods=[],params=[],headers=[],consumes=[],produces=[],custom=[]}" onto public void cn.flower.tick.web.wechat.MessageController.handler(javax.servlet.http.HttpServletRequest)
2015-04-12 11:58:33 [3329]-[INFO] FrameworkServlet 'dispatcher': initialization completed in 1607 ms
2015-04-12 11:58:37 [7441]-[INFO] CoreController : 1428644147424230924chenchen
2015-04-12 11:58:37 [7458]-[INFO] CoreController : 54AA2D38233763FD2B4360644DCFEB6A32E6D50E
2015-04-12 11:58:37 [7459]-[INFO] MessageController : /tick-web/msg/receive
2015-04-12 11:58:37 [7459]-[INFO] MessageController : 处理消息， handle msg
2015-04-13 10:13:00 [1867]-[INFO] FrameworkServlet 'dispatcher': initialization started
2015-04-13 10:13:00 [1883]-[INFO] Refreshing WebApplicationContext for namespace 'dispatcher-servlet': startup date [Mon Apr 13 10:13:00 CST 2015]; parent: Root WebApplicationContext
2015-04-13 10:13:00 [1883]-[INFO] Loading XML bean definitions from class path resource [dispatcher-servlet.xml]
2015-04-13 10:13:01 [2102]-[INFO] Pre-instantiating singletons in org.springframework.beans.factory.support.DefaultListableBeanFactory@160089dd: defining beans [org.springframework.web.servlet.resource.DefaultServletHttpRequestHandler#0,org.springframework.web.servlet.handler.SimpleUrlHandlerMapping#0,org.springframework.web.servlet.handler.BeanNameUrlHandlerMapping,org.springframework.web.servlet.mvc.HttpRequestHandlerAdapter,org.springframework.web.servlet.mvc.SimpleControllerHandlerAdapter,org.springframework.web.servlet.mvc.method.annotation.RequestMappingHandlerMapping#0,org.springframework.format.support.FormattingConversionServiceFactoryBean#0,org.springframework.web.servlet.mvc.method.annotation.RequestMappingHandlerAdapter#0,org.springframework.web.servlet.handler.MappedInterceptor#0,org.springframework.web.servlet.mvc.method.annotation.ExceptionHandlerExceptionResolver#0,org.springframework.web.servlet.mvc.annotation.ResponseStatusExceptionResolver#0,org.springframework.web.servlet.mvc.support.DefaultHandlerExceptionResolver#0,coreController,eventController,menuController,messageController,org.springframework.context.annotation.internalConfigurationAnnotationProcessor,org.springframework.context.annotation.internalAutowiredAnnotationProcessor,org.springframework.context.annotation.internalRequiredAnnotationProcessor,org.springframework.context.annotation.internalCommonAnnotationProcessor,org.springframework.context.annotation.internalPersistenceAnnotationProcessor,viewResolver,contentNegotiatingViewResolver,multipartResolver,org.springframework.context.annotation.ConfigurationClassPostProcessor$ImportAwareBeanPostProcessor#0]; parent: org.springframework.beans.factory.support.DefaultListableBeanFactory@720e4245
2015-04-13 10:13:01 [2196]-[INFO] Mapped URL path [/**] onto handler 'org.springframework.web.servlet.resource.DefaultServletHttpRequestHandler#0'
2015-04-13 10:13:01 [2289]-[INFO] Mapped "{[/core],methods=[POST],params=[],headers=[],consumes=[],produces=[],custom=[]}" onto public java.lang.String cn.flower.tick.web.wechat.CoreController.execute(java.lang.String,java.lang.String,java.lang.String,java.lang.String,javax.servlet.http.HttpServletRequest)
2015-04-13 10:13:01 [2289]-[INFO] Mapped "{[/core],methods=[GET],params=[],headers=[],consumes=[],produces=[],custom=[]}" onto public java.lang.String cn.flower.tick.web.wechat.CoreController.varifySignature(java.lang.String,java.lang.String,java.lang.String,java.lang.String,javax.servlet.http.HttpServletRequest)
2015-04-13 10:13:01 [2289]-[INFO] Mapped "{[/menu/create],methods=[],params=[],headers=[],consumes=[],produces=[],custom=[]}" onto public java.lang.String cn.flower.tick.web.wechat.MenuController.createMenu()
2015-04-13 10:13:01 [2289]-[INFO] Mapped "{[/msg/receive],methods=[],params=[],headers=[],consumes=[],produces=[],custom=[]}" onto public java.lang.String cn.flower.tick.web.wechat.MessageController.handler(javax.servlet.http.HttpServletRequest)
2015-04-13 10:13:02 [3477]-[INFO] FrameworkServlet 'dispatcher': initialization completed in 1594 ms
2015-04-13 10:14:14 [1335]-[INFO] FrameworkServlet 'dispatcher': initialization started
2015-04-13 10:14:14 [1335]-[INFO] Refreshing WebApplicationContext for namespace 'dispatcher-servlet': startup date [Mon Apr 13 10:14:14 CST 2015]; parent: Root WebApplicationContext
2015-04-13 10:14:14 [1350]-[INFO] Loading XML bean definitions from class path resource [dispatcher-servlet.xml]
2015-04-13 10:14:14 [1585]-[INFO] Pre-instantiating singletons in org.springframework.beans.factory.support.DefaultListableBeanFactory@3d46e381: defining beans [org.springframework.web.servlet.resource.DefaultServletHttpRequestHandler#0,org.springframework.web.servlet.handler.SimpleUrlHandlerMapping#0,org.springframework.web.servlet.handler.BeanNameUrlHandlerMapping,org.springframework.web.servlet.mvc.HttpRequestHandlerAdapter,org.springframework.web.servlet.mvc.SimpleControllerHandlerAdapter,org.springframework.web.servlet.mvc.method.annotation.RequestMappingHandlerMapping#0,org.springframework.format.support.FormattingConversionServiceFactoryBean#0,org.springframework.web.servlet.mvc.method.annotation.RequestMappingHandlerAdapter#0,org.springframework.web.servlet.handler.MappedInterceptor#0,org.springframework.web.servlet.mvc.method.annotation.ExceptionHandlerExceptionResolver#0,org.springframework.web.servlet.mvc.annotation.ResponseStatusExceptionResolver#0,org.springframework.web.servlet.mvc.support.DefaultHandlerExceptionResolver#0,coreController,eventController,menuController,messageController,org.springframework.context.annotation.internalConfigurationAnnotationProcessor,org.springframework.context.annotation.internalAutowiredAnnotationProcessor,org.springframework.context.annotation.internalRequiredAnnotationProcessor,org.springframework.context.annotation.internalCommonAnnotationProcessor,org.springframework.context.annotation.internalPersistenceAnnotationProcessor,viewResolver,contentNegotiatingViewResolver,multipartResolver,org.springframework.context.annotation.ConfigurationClassPostProcessor$ImportAwareBeanPostProcessor#0]; parent: org.springframework.beans.factory.support.DefaultListableBeanFactory@5f1eb199
2015-04-13 10:14:14 [1710]-[INFO] Mapped URL path [/**] onto handler 'org.springframework.web.servlet.resource.DefaultServletHttpRequestHandler#0'
2015-04-13 10:14:14 [1788]-[INFO] Mapped "{[/core],methods=[POST],params=[],headers=[],consumes=[],produces=[],custom=[]}" onto public java.lang.String cn.flower.tick.web.wechat.CoreController.execute(java.lang.String,java.lang.String,java.lang.String,java.lang.String,javax.servlet.http.HttpServletRequest)
2015-04-13 10:14:14 [1788]-[INFO] Mapped "{[/core],methods=[GET],params=[],headers=[],consumes=[],produces=[],custom=[]}" onto public java.lang.String cn.flower.tick.web.wechat.CoreController.varifySignature(java.lang.String,java.lang.String,java.lang.String,java.lang.String,javax.servlet.http.HttpServletRequest)
2015-04-13 10:14:14 [1788]-[INFO] Mapped "{[/menu/create],methods=[],params=[],headers=[],consumes=[],produces=[],custom=[]}" onto public java.lang.String cn.flower.tick.web.wechat.MenuController.createMenu()
2015-04-13 10:14:14 [1788]-[INFO] Mapped "{[/msg/receive],methods=[],params=[],headers=[],consumes=[],produces=[],custom=[]}" onto public java.lang.String cn.flower.tick.web.wechat.MessageController.handler(javax.servlet.http.HttpServletRequest)
2015-04-13 10:14:15 [2616]-[INFO] FrameworkServlet 'dispatcher': initialization completed in 1281 ms
2015-04-13 10:15:24 [1562]-[INFO] FrameworkServlet 'dispatcher': initialization started
2015-04-13 10:15:24 [1562]-[INFO] Refreshing WebApplicationContext for namespace 'dispatcher-servlet': startup date [Mon Apr 13 10:15:24 CST 2015]; parent: Root WebApplicationContext
2015-04-13 10:15:24 [1578]-[INFO] Loading XML bean definitions from class path resource [dispatcher-servlet.xml]
2015-04-13 10:15:24 [1890]-[INFO] Pre-instantiating singletons in org.springframework.beans.factory.support.DefaultListableBeanFactory@26e56ae: defining beans [org.springframework.web.servlet.resource.DefaultServletHttpRequestHandler#0,org.springframework.web.servlet.handler.SimpleUrlHandlerMapping#0,org.springframework.web.servlet.handler.BeanNameUrlHandlerMapping,org.springframework.web.servlet.mvc.HttpRequestHandlerAdapter,org.springframework.web.servlet.mvc.SimpleControllerHandlerAdapter,org.springframework.web.servlet.mvc.method.annotation.RequestMappingHandlerMapping#0,org.springframework.format.support.FormattingConversionServiceFactoryBean#0,org.springframework.web.servlet.mvc.method.annotation.RequestMappingHandlerAdapter#0,org.springframework.web.servlet.handler.MappedInterceptor#0,org.springframework.web.servlet.mvc.method.annotation.ExceptionHandlerExceptionResolver#0,org.springframework.web.servlet.mvc.annotation.ResponseStatusExceptionResolver#0,org.springframework.web.servlet.mvc.support.DefaultHandlerExceptionResolver#0,coreController,eventController,menuController,messageController,org.springframework.context.annotation.internalConfigurationAnnotationProcessor,org.springframework.context.annotation.internalAutowiredAnnotationProcessor,org.springframework.context.annotation.internalRequiredAnnotationProcessor,org.springframework.context.annotation.internalCommonAnnotationProcessor,org.springframework.context.annotation.internalPersistenceAnnotationProcessor,viewResolver,contentNegotiatingViewResolver,multipartResolver,org.springframework.context.annotation.ConfigurationClassPostProcessor$ImportAwareBeanPostProcessor#0]; parent: org.springframework.beans.factory.support.DefaultListableBeanFactory@da2da17
2015-04-13 10:15:24 [2000]-[INFO] Mapped URL path [/**] onto handler 'org.springframework.web.servlet.resource.DefaultServletHttpRequestHandler#0'
2015-04-13 10:15:24 [2078]-[INFO] Mapped "{[/core],methods=[POST],params=[],headers=[],consumes=[],produces=[],custom=[]}" onto public java.lang.String cn.flower.tick.web.wechat.CoreController.execute(java.lang.String,java.lang.String,java.lang.String,java.lang.String,javax.servlet.http.HttpServletRequest)
2015-04-13 10:15:24 [2078]-[INFO] Mapped "{[/core],methods=[GET],params=[],headers=[],consumes=[],produces=[],custom=[]}" onto public java.lang.String cn.flower.tick.web.wechat.CoreController.varifySignature(java.lang.String,java.lang.String,java.lang.String,java.lang.String,javax.servlet.http.HttpServletRequest)
2015-04-13 10:15:24 [2094]-[INFO] Mapped "{[/menu/create],methods=[],params=[],headers=[],consumes=[],produces=[],custom=[]}" onto public java.lang.String cn.flower.tick.web.wechat.MenuController.createMenu()
2015-04-13 10:15:24 [2094]-[INFO] Mapped "{[/msg/receive],methods=[],params=[],headers=[],consumes=[],produces=[],custom=[]}" onto public java.lang.String cn.flower.tick.web.wechat.MessageController.handler(javax.servlet.http.HttpServletRequest)
2015-04-13 10:15:25 [3015]-[INFO] FrameworkServlet 'dispatcher': initialization completed in 1453 ms
2015-04-13 10:21:58 [1384]-[INFO] FrameworkServlet 'dispatcher': initialization started
2015-04-13 10:21:58 [1400]-[INFO] Refreshing WebApplicationContext for namespace 'dispatcher-servlet': startup date [Mon Apr 13 10:21:58 CST 2015]; parent: Root WebApplicationContext
2015-04-13 10:21:58 [1400]-[INFO] Loading XML bean definitions from class path resource [dispatcher-servlet.xml]
2015-04-13 10:21:58 [1650]-[INFO] Pre-instantiating singletons in org.springframework.beans.factory.support.DefaultListableBeanFactory@6760bf50: defining beans [org.springframework.web.servlet.resource.DefaultServletHttpRequestHandler#0,org.springframework.web.servlet.handler.SimpleUrlHandlerMapping#0,org.springframework.web.servlet.handler.BeanNameUrlHandlerMapping,org.springframework.web.servlet.mvc.HttpRequestHandlerAdapter,org.springframework.web.servlet.mvc.SimpleControllerHandlerAdapter,org.springframework.web.servlet.mvc.method.annotation.RequestMappingHandlerMapping#0,org.springframework.format.support.FormattingConversionServiceFactoryBean#0,org.springframework.web.servlet.mvc.method.annotation.RequestMappingHandlerAdapter#0,org.springframework.web.servlet.handler.MappedInterceptor#0,org.springframework.web.servlet.mvc.method.annotation.ExceptionHandlerExceptionResolver#0,org.springframework.web.servlet.mvc.annotation.ResponseStatusExceptionResolver#0,org.springframework.web.servlet.mvc.support.DefaultHandlerExceptionResolver#0,coreController,eventController,menuController,messageController,org.springframework.context.annotation.internalConfigurationAnnotationProcessor,org.springframework.context.annotation.internalAutowiredAnnotationProcessor,org.springframework.context.annotation.internalRequiredAnnotationProcessor,org.springframework.context.annotation.internalCommonAnnotationProcessor,org.springframework.context.annotation.internalPersistenceAnnotationProcessor,viewResolver,contentNegotiatingViewResolver,multipartResolver,org.springframework.context.annotation.ConfigurationClassPostProcessor$ImportAwareBeanPostProcessor#0]; parent: org.springframework.beans.factory.support.DefaultListableBeanFactory@720e4245
2015-04-13 10:21:59 [1775]-[INFO] Mapped URL path [/**] onto handler 'org.springframework.web.servlet.resource.DefaultServletHttpRequestHandler#0'
2015-04-13 10:21:59 [1869]-[INFO] Mapped "{[/core],methods=[POST],params=[],headers=[],consumes=[],produces=[],custom=[]}" onto public java.lang.String cn.flower.tick.web.wechat.CoreController.execute(java.lang.String,java.lang.String,java.lang.String,java.lang.String,javax.servlet.http.HttpServletRequest)
2015-04-13 10:21:59 [1869]-[INFO] Mapped "{[/core],methods=[GET],params=[],headers=[],consumes=[],produces=[],custom=[]}" onto public java.lang.String cn.flower.tick.web.wechat.CoreController.varifySignature(java.lang.String,java.lang.String,java.lang.String,java.lang.String,javax.servlet.http.HttpServletRequest)
2015-04-13 10:21:59 [1869]-[INFO] Mapped "{[/menu/create],methods=[],params=[],headers=[],consumes=[],produces=[],custom=[]}" onto public java.lang.String cn.flower.tick.web.wechat.MenuController.createMenu()
2015-04-13 10:21:59 [1869]-[INFO] Mapped "{[/msg/receive],methods=[],params=[],headers=[],consumes=[],produces=[],custom=[]}" onto public java.lang.String cn.flower.tick.web.wechat.MessageController.handler(javax.servlet.http.HttpServletRequest)
2015-04-13 10:22:00 [2759]-[INFO] FrameworkServlet 'dispatcher': initialization completed in 1375 ms
2015-04-13 10:22:42 [1188]-[INFO] FrameworkServlet 'dispatcher': initialization started
2015-04-13 10:22:42 [1204]-[INFO] Refreshing WebApplicationContext for namespace 'dispatcher-servlet': startup date [Mon Apr 13 10:22:42 CST 2015]; parent: Root WebApplicationContext
2015-04-13 10:22:42 [1204]-[INFO] Loading XML bean definitions from class path resource [dispatcher-servlet.xml]
2015-04-13 10:22:42 [1376]-[INFO] Pre-instantiating singletons in org.springframework.beans.factory.support.DefaultListableBeanFactory@655e3dc4: defining beans [org.springframework.web.servlet.resource.DefaultServletHttpRequestHandler#0,org.springframework.web.servlet.handler.SimpleUrlHandlerMapping#0,org.springframework.web.servlet.handler.BeanNameUrlHandlerMapping,org.springframework.web.servlet.mvc.HttpRequestHandlerAdapter,org.springframework.web.servlet.mvc.SimpleControllerHandlerAdapter,org.springframework.web.servlet.mvc.method.annotation.RequestMappingHandlerMapping#0,org.springframework.format.support.FormattingConversionServiceFactoryBean#0,org.springframework.web.servlet.mvc.method.annotation.RequestMappingHandlerAdapter#0,org.springframework.web.servlet.handler.MappedInterceptor#0,org.springframework.web.servlet.mvc.method.annotation.ExceptionHandlerExceptionResolver#0,org.springframework.web.servlet.mvc.annotation.ResponseStatusExceptionResolver#0,org.springframework.web.servlet.mvc.support.DefaultHandlerExceptionResolver#0,org.springframework.context.annotation.internalConfigurationAnnotationProcessor,org.springframework.context.annotation.internalAutowiredAnnotationProcessor,org.springframework.context.annotation.internalRequiredAnnotationProcessor,org.springframework.context.annotation.internalCommonAnnotationProcessor,org.springframework.context.annotation.internalPersistenceAnnotationProcessor,viewResolver,contentNegotiatingViewResolver,multipartResolver,org.springframework.context.annotation.ConfigurationClassPostProcessor$ImportAwareBeanPostProcessor#0]; parent: org.springframework.beans.factory.support.DefaultListableBeanFactory@417cff66
2015-04-13 10:22:42 [1485]-[INFO] Mapped URL path [/**] onto handler 'org.springframework.web.servlet.resource.DefaultServletHttpRequestHandler#0'
2015-04-13 10:22:43 [2438]-[INFO] FrameworkServlet 'dispatcher': initialization completed in 1250 ms
2015-04-13 10:24:19 [1466]-[INFO] FrameworkServlet 'dispatcher': initialization started
2015-04-13 10:24:19 [1466]-[INFO] Refreshing WebApplicationContext for namespace 'dispatcher-servlet': startup date [Mon Apr 13 10:24:19 CST 2015]; parent: Root WebApplicationContext
2015-04-13 10:24:19 [1466]-[INFO] Loading XML bean definitions from class path resource [dispatcher-servlet.xml]
2015-04-13 10:24:20 [1747]-[INFO] Pre-instantiating singletons in org.springframework.beans.factory.support.DefaultListableBeanFactory@69fc9f88: defining beans [org.springframework.web.servlet.resource.DefaultServletHttpRequestHandler#0,org.springframework.web.servlet.handler.SimpleUrlHandlerMapping#0,org.springframework.web.servlet.handler.BeanNameUrlHandlerMapping,org.springframework.web.servlet.mvc.HttpRequestHandlerAdapter,org.springframework.web.servlet.mvc.SimpleControllerHandlerAdapter,org.springframework.web.servlet.mvc.method.annotation.RequestMappingHandlerMapping#0,org.springframework.format.support.FormattingConversionServiceFactoryBean#0,org.springframework.web.servlet.mvc.method.annotation.RequestMappingHandlerAdapter#0,org.springframework.web.servlet.handler.MappedInterceptor#0,org.springframework.web.servlet.mvc.method.annotation.ExceptionHandlerExceptionResolver#0,org.springframework.web.servlet.mvc.annotation.ResponseStatusExceptionResolver#0,org.springframework.web.servlet.mvc.support.DefaultHandlerExceptionResolver#0,coreController,eventController,menuController,messageController,org.springframework.context.annotation.internalConfigurationAnnotationProcessor,org.springframework.context.annotation.internalAutowiredAnnotationProcessor,org.springframework.context.annotation.internalRequiredAnnotationProcessor,org.springframework.context.annotation.internalCommonAnnotationProcessor,org.springframework.context.annotation.internalPersistenceAnnotationProcessor,viewResolver,contentNegotiatingViewResolver,multipartResolver,org.springframework.context.annotation.ConfigurationClassPostProcessor$ImportAwareBeanPostProcessor#0]; parent: org.springframework.beans.factory.support.DefaultListableBeanFactory@7cbdb375
2015-04-13 10:24:20 [1888]-[INFO] Mapped URL path [/**] onto handler 'org.springframework.web.servlet.resource.DefaultServletHttpRequestHandler#0'
2015-04-13 10:24:20 [1982]-[INFO] Mapped "{[/core],methods=[POST],params=[],headers=[],consumes=[],produces=[],custom=[]}" onto public java.lang.String cn.flower.tick.web.wechat.CoreController.execute(java.lang.String,java.lang.String,java.lang.String,java.lang.String,javax.servlet.http.HttpServletRequest)
2015-04-13 10:24:20 [1982]-[INFO] Mapped "{[/core],methods=[GET],params=[],headers=[],consumes=[],produces=[],custom=[]}" onto public java.lang.String cn.flower.tick.web.wechat.CoreController.varifySignature(java.lang.String,java.lang.String,java.lang.String,java.lang.String,javax.servlet.http.HttpServletRequest)
2015-04-13 10:24:20 [1982]-[INFO] Mapped "{[/menu/create],methods=[],params=[],headers=[],consumes=[],produces=[],custom=[]}" onto public java.lang.String cn.flower.tick.web.wechat.MenuController.createMenu()
2015-04-13 10:24:20 [1982]-[INFO] Mapped "{[/msg/receive],methods=[],params=[],headers=[],consumes=[],produces=[],custom=[]}" onto public java.lang.String cn.flower.tick.web.wechat.MessageController.handler(javax.servlet.http.HttpServletRequest)
2015-04-13 10:24:21 [2919]-[INFO] FrameworkServlet 'dispatcher': initialization completed in 1453 ms
2015-04-13 10:31:12 [1308]-[INFO] FrameworkServlet 'dispatcher': initialization started
2015-04-13 10:31:12 [1324]-[INFO] Refreshing WebApplicationContext for namespace 'dispatcher-servlet': startup date [Mon Apr 13 10:31:12 CST 2015]; parent: Root WebApplicationContext
2015-04-13 10:31:12 [1324]-[INFO] Loading XML bean definitions from class path resource [dispatcher-servlet.xml]
2015-04-13 10:31:12 [1574]-[INFO] Pre-instantiating singletons in org.springframework.beans.factory.support.DefaultListableBeanFactory@302a0a5: defining beans [org.springframework.web.servlet.resource.DefaultServletHttpRequestHandler#0,org.springframework.web.servlet.handler.SimpleUrlHandlerMapping#0,org.springframework.web.servlet.handler.BeanNameUrlHandlerMapping,org.springframework.web.servlet.mvc.HttpRequestHandlerAdapter,org.springframework.web.servlet.mvc.SimpleControllerHandlerAdapter,org.springframework.web.servlet.mvc.method.annotation.RequestMappingHandlerMapping#0,org.springframework.format.support.FormattingConversionServiceFactoryBean#0,org.springframework.web.servlet.mvc.method.annotation.RequestMappingHandlerAdapter#0,org.springframework.web.servlet.handler.MappedInterceptor#0,org.springframework.web.servlet.mvc.method.annotation.ExceptionHandlerExceptionResolver#0,org.springframework.web.servlet.mvc.annotation.ResponseStatusExceptionResolver#0,org.springframework.web.servlet.mvc.support.DefaultHandlerExceptionResolver#0,coreController,eventController,menuController,messageController,org.springframework.context.annotation.internalConfigurationAnnotationProcessor,org.springframework.context.annotation.internalAutowiredAnnotationProcessor,org.springframework.context.annotation.internalRequiredAnnotationProcessor,org.springframework.context.annotation.internalCommonAnnotationProcessor,org.springframework.context.annotation.internalPersistenceAnnotationProcessor,viewResolver,contentNegotiatingViewResolver,multipartResolver,org.springframework.context.annotation.ConfigurationClassPostProcessor$ImportAwareBeanPostProcessor#0]; parent: org.springframework.beans.factory.support.DefaultListableBeanFactory@720e4245
2015-04-13 10:31:12 [1699]-[INFO] Mapped URL path [/**] onto handler 'org.springframework.web.servlet.resource.DefaultServletHttpRequestHandler#0'
2015-04-13 10:31:12 [1777]-[INFO] Mapped "{[/core],methods=[POST],params=[],headers=[],consumes=[],produces=[],custom=[]}" onto public java.lang.String cn.flower.tick.web.wechat.CoreController.execute(java.lang.String,java.lang.String,java.lang.String,java.lang.String,javax.servlet.http.HttpServletRequest)
2015-04-13 10:31:12 [1777]-[INFO] Mapped "{[/core],methods=[GET],params=[],headers=[],consumes=[],produces=[],custom=[]}" onto public java.lang.String cn.flower.tick.web.wechat.CoreController.varifySignature(java.lang.String,java.lang.String,java.lang.String,java.lang.String,javax.servlet.http.HttpServletRequest)
2015-04-13 10:31:12 [1777]-[INFO] Mapped "{[/menu/create],methods=[],params=[],headers=[],consumes=[],produces=[],custom=[]}" onto public java.lang.String cn.flower.tick.web.wechat.MenuController.createMenu()
2015-04-13 10:31:12 [1777]-[INFO] Mapped "{[/msg/receive],methods=[],params=[],headers=[],consumes=[],produces=[],custom=[]}" onto public java.lang.String cn.flower.tick.web.wechat.MessageController.handler(javax.servlet.http.HttpServletRequest)
2015-04-13 10:31:13 [2699]-[INFO] FrameworkServlet 'dispatcher': initialization completed in 1391 ms
2015-04-13 10:32:54 [1276]-[INFO] FrameworkServlet 'dispatcher': initialization started
2015-04-13 10:32:54 [1276]-[INFO] Refreshing WebApplicationContext for namespace 'dispatcher-servlet': startup date [Mon Apr 13 10:32:54 CST 2015]; parent: Root WebApplicationContext
2015-04-13 10:32:54 [1292]-[INFO] Loading XML bean definitions from class path resource [dispatcher-servlet.xml]
2015-04-13 10:32:54 [1495]-[INFO] Pre-instantiating singletons in org.springframework.beans.factory.support.DefaultListableBeanFactory@302a0a5: defining beans [org.springframework.web.servlet.resource.DefaultServletHttpRequestHandler#0,org.springframework.web.servlet.handler.SimpleUrlHandlerMapping#0,org.springframework.web.servlet.handler.BeanNameUrlHandlerMapping,org.springframework.web.servlet.mvc.HttpRequestHandlerAdapter,org.springframework.web.servlet.mvc.SimpleControllerHandlerAdapter,org.springframework.web.servlet.mvc.method.annotation.RequestMappingHandlerMapping#0,org.springframework.format.support.FormattingConversionServiceFactoryBean#0,org.springframework.web.servlet.mvc.method.annotation.RequestMappingHandlerAdapter#0,org.springframework.web.servlet.handler.MappedInterceptor#0,org.springframework.web.servlet.mvc.method.annotation.ExceptionHandlerExceptionResolver#0,org.springframework.web.servlet.mvc.annotation.ResponseStatusExceptionResolver#0,org.springframework.web.servlet.mvc.support.DefaultHandlerExceptionResolver#0,coreController,eventController,menuController,messageController,org.springframework.context.annotation.internalConfigurationAnnotationProcessor,org.springframework.context.annotation.internalAutowiredAnnotationProcessor,org.springframework.context.annotation.internalRequiredAnnotationProcessor,org.springframework.context.annotation.internalCommonAnnotationProcessor,org.springframework.context.annotation.internalPersistenceAnnotationProcessor,viewResolver,contentNegotiatingViewResolver,multipartResolver,org.springframework.context.annotation.ConfigurationClassPostProcessor$ImportAwareBeanPostProcessor#0]; parent: org.springframework.beans.factory.support.DefaultListableBeanFactory@581de498
2015-04-13 10:32:54 [1588]-[INFO] Mapped URL path [/**] onto handler 'org.springframework.web.servlet.resource.DefaultServletHttpRequestHandler#0'
2015-04-13 10:32:54 [1667]-[INFO] Mapped "{[/core],methods=[POST],params=[],headers=[],consumes=[],produces=[],custom=[]}" onto public java.lang.String cn.flower.tick.web.wechat.CoreController.execute(java.lang.String,java.lang.String,java.lang.String,java.lang.String,javax.servlet.http.HttpServletRequest)
2015-04-13 10:32:54 [1667]-[INFO] Mapped "{[/core],methods=[GET],params=[],headers=[],consumes=[],produces=[],custom=[]}" onto public java.lang.String cn.flower.tick.web.wechat.CoreController.varifySignature(java.lang.String,java.lang.String,java.lang.String,java.lang.String,javax.servlet.http.HttpServletRequest)
2015-04-13 10:32:54 [1667]-[INFO] Mapped "{[/menu/create],methods=[],params=[],headers=[],consumes=[],produces=[],custom=[]}" onto public java.lang.String cn.flower.tick.web.wechat.MenuController.createMenu()
2015-04-13 10:32:54 [1667]-[INFO] Mapped "{[/msg/receive],methods=[],params=[],headers=[],consumes=[],produces=[],custom=[]}" onto public java.lang.String cn.flower.tick.web.wechat.MessageController.handler(javax.servlet.http.HttpServletRequest)
2015-04-13 10:32:55 [2463]-[INFO] FrameworkServlet 'dispatcher': initialization completed in 1187 ms
2015-04-13 10:34:39 [1320]-[INFO] FrameworkServlet 'dispatcher': initialization started
2015-04-13 10:34:39 [1320]-[INFO] Refreshing WebApplicationContext for namespace 'dispatcher-servlet': startup date [Mon Apr 13 10:34:39 CST 2015]; parent: Root WebApplicationContext
2015-04-13 10:34:39 [1320]-[INFO] Loading XML bean definitions from class path resource [dispatcher-servlet.xml]
2015-04-13 10:34:39 [1538]-[INFO] Pre-instantiating singletons in org.springframework.beans.factory.support.DefaultListableBeanFactory@2180b22e: defining beans [org.springframework.web.servlet.resource.DefaultServletHttpRequestHandler#0,org.springframework.web.servlet.handler.SimpleUrlHandlerMapping#0,org.springframework.web.servlet.handler.BeanNameUrlHandlerMapping,org.springframework.web.servlet.mvc.HttpRequestHandlerAdapter,org.springframework.web.servlet.mvc.SimpleControllerHandlerAdapter,org.springframework.web.servlet.mvc.method.annotation.RequestMappingHandlerMapping#0,org.springframework.format.support.FormattingConversionServiceFactoryBean#0,org.springframework.web.servlet.mvc.method.annotation.RequestMappingHandlerAdapter#0,org.springframework.web.servlet.handler.MappedInterceptor#0,org.springframework.web.servlet.mvc.method.annotation.ExceptionHandlerExceptionResolver#0,org.springframework.web.servlet.mvc.annotation.ResponseStatusExceptionResolver#0,org.springframework.web.servlet.mvc.support.DefaultHandlerExceptionResolver#0,coreController,eventController,menuController,messageController,org.springframework.context.annotation.internalConfigurationAnnotationProcessor,org.springframework.context.annotation.internalAutowiredAnnotationProcessor,org.springframework.context.annotation.internalRequiredAnnotationProcessor,org.springframework.context.annotation.internalCommonAnnotationProcessor,org.springframework.context.annotation.internalPersistenceAnnotationProcessor,viewResolver,contentNegotiatingViewResolver,multipartResolver,org.springframework.context.annotation.ConfigurationClassPostProcessor$ImportAwareBeanPostProcessor#0]; parent: org.springframework.beans.factory.support.DefaultListableBeanFactory@581de498
2015-04-13 10:34:39 [1648]-[INFO] Mapped URL path [/**] onto handler 'org.springframework.web.servlet.resource.DefaultServletHttpRequestHandler#0'
2015-04-13 10:34:40 [1742]-[INFO] Mapped "{[/core],methods=[POST],params=[],headers=[],consumes=[],produces=[],custom=[]}" onto public java.lang.String cn.flower.tick.web.wechat.CoreController.execute(java.lang.String,java.lang.String,java.lang.String,java.lang.String,javax.servlet.http.HttpServletRequest)
2015-04-13 10:34:40 [1742]-[INFO] Mapped "{[/core],methods=[GET],params=[],headers=[],consumes=[],produces=[],custom=[]}" onto public java.lang.String cn.flower.tick.web.wechat.CoreController.varifySignature(java.lang.String,java.lang.String,java.lang.String,java.lang.String,javax.servlet.http.HttpServletRequest)
2015-04-13 10:34:40 [1742]-[INFO] Mapped "{[/menu/create],methods=[],params=[],headers=[],consumes=[],produces=[],custom=[]}" onto public java.lang.String cn.flower.tick.web.wechat.MenuController.createMenu()
2015-04-13 10:34:40 [1742]-[INFO] Mapped "{[/msg/receive],methods=[],params=[],headers=[],consumes=[],produces=[],custom=[]}" onto public java.lang.String cn.flower.tick.web.wechat.MessageController.handler(javax.servlet.http.HttpServletRequest)
2015-04-13 10:34:40 [2679]-[INFO] FrameworkServlet 'dispatcher': initialization completed in 1359 ms
2015-04-13 10:36:47 [1398]-[INFO] FrameworkServlet 'dispatcher': initialization started
2015-04-13 10:36:47 [1398]-[INFO] Refreshing WebApplicationContext for namespace 'dispatcher-servlet': startup date [Mon Apr 13 10:36:47 CST 2015]; parent: Root WebApplicationContext
2015-04-13 10:36:47 [1398]-[INFO] Loading XML bean definitions from class path resource [dispatcher-servlet.xml]
2015-04-13 10:36:47 [1617]-[INFO] Pre-instantiating singletons in org.springframework.beans.factory.support.DefaultListableBeanFactory@962522b: defining beans [org.springframework.web.servlet.resource.DefaultServletHttpRequestHandler#0,org.springframework.web.servlet.handler.SimpleUrlHandlerMapping#0,org.springframework.web.servlet.handler.BeanNameUrlHandlerMapping,org.springframework.web.servlet.mvc.HttpRequestHandlerAdapter,org.springframework.web.servlet.mvc.SimpleControllerHandlerAdapter,org.springframework.web.servlet.mvc.method.annotation.RequestMappingHandlerMapping#0,org.springframework.format.support.FormattingConversionServiceFactoryBean#0,org.springframework.web.servlet.mvc.method.annotation.RequestMappingHandlerAdapter#0,org.springframework.web.servlet.handler.MappedInterceptor#0,org.springframework.web.servlet.mvc.method.annotation.ExceptionHandlerExceptionResolver#0,org.springframework.web.servlet.mvc.annotation.ResponseStatusExceptionResolver#0,org.springframework.web.servlet.mvc.support.DefaultHandlerExceptionResolver#0,coreController,eventController,menuController,messageController,org.springframework.context.annotation.internalConfigurationAnnotationProcessor,org.springframework.context.annotation.internalAutowiredAnnotationProcessor,org.springframework.context.annotation.internalRequiredAnnotationProcessor,org.springframework.context.annotation.internalCommonAnnotationProcessor,org.springframework.context.annotation.internalPersistenceAnnotationProcessor,viewResolver,contentNegotiatingViewResolver,multipartResolver,org.springframework.context.annotation.ConfigurationClassPostProcessor$ImportAwareBeanPostProcessor#0]; parent: org.springframework.beans.factory.support.DefaultListableBeanFactory@128ae45a
2015-04-13 10:36:47 [1710]-[INFO] Mapped URL path [/**] onto handler 'org.springframework.web.servlet.resource.DefaultServletHttpRequestHandler#0'
2015-04-13 10:36:47 [1788]-[INFO] Mapped "{[/core],methods=[POST],params=[],headers=[],consumes=[],produces=[],custom=[]}" onto public java.lang.String cn.flower.tick.web.wechat.CoreController.execute(java.lang.String,java.lang.String,java.lang.String,java.lang.String,javax.servlet.http.HttpServletRequest)
2015-04-13 10:36:47 [1788]-[INFO] Mapped "{[/core],methods=[GET],params=[],headers=[],consumes=[],produces=[],custom=[]}" onto public java.lang.String cn.flower.tick.web.wechat.CoreController.varifySignature(java.lang.String,java.lang.String,java.lang.String,java.lang.String,javax.servlet.http.HttpServletRequest)
2015-04-13 10:36:47 [1788]-[INFO] Mapped "{[/menu/create],methods=[],params=[],headers=[],consumes=[],produces=[],custom=[]}" onto public java.lang.String cn.flower.tick.web.wechat.MenuController.createMenu()
2015-04-13 10:36:47 [1788]-[INFO] Mapped "{[/msg/receive],methods=[],params=[],headers=[],consumes=[],produces=[],custom=[]}" onto public java.lang.String cn.flower.tick.web.wechat.MessageController.handler(javax.servlet.http.HttpServletRequest)
2015-04-13 10:36:48 [2648]-[INFO] FrameworkServlet 'dispatcher': initialization completed in 1250 ms
2015-04-13 10:38:30 [1272]-[INFO] FrameworkServlet 'dispatcher': initialization started
2015-04-13 10:38:30 [1272]-[INFO] Refreshing WebApplicationContext for namespace 'dispatcher-servlet': startup date [Mon Apr 13 10:38:30 CST 2015]; parent: Root WebApplicationContext
2015-04-13 10:38:30 [1287]-[INFO] Loading XML bean definitions from class path resource [dispatcher-servlet.xml]
2015-04-13 10:38:30 [1522]-[INFO] Pre-instantiating singletons in org.springframework.beans.factory.support.DefaultListableBeanFactory@831fb31: defining beans [org.springframework.web.servlet.resource.DefaultServletHttpRequestHandler#0,org.springframework.web.servlet.handler.SimpleUrlHandlerMapping#0,org.springframework.web.servlet.handler.BeanNameUrlHandlerMapping,org.springframework.web.servlet.mvc.HttpRequestHandlerAdapter,org.springframework.web.servlet.mvc.SimpleControllerHandlerAdapter,org.springframework.web.servlet.mvc.method.annotation.RequestMappingHandlerMapping#0,org.springframework.format.support.FormattingConversionServiceFactoryBean#0,org.springframework.web.servlet.mvc.method.annotation.RequestMappingHandlerAdapter#0,org.springframework.web.servlet.handler.MappedInterceptor#0,org.springframework.web.servlet.mvc.method.annotation.ExceptionHandlerExceptionResolver#0,org.springframework.web.servlet.mvc.annotation.ResponseStatusExceptionResolver#0,org.springframework.web.servlet.mvc.support.DefaultHandlerExceptionResolver#0,coreController,eventController,menuController,messageController,org.springframework.context.annotation.internalConfigurationAnnotationProcessor,org.springframework.context.annotation.internalAutowiredAnnotationProcessor,org.springframework.context.annotation.internalRequiredAnnotationProcessor,org.springframework.context.annotation.internalCommonAnnotationProcessor,org.springframework.context.annotation.internalPersistenceAnnotationProcessor,viewResolver,contentNegotiatingViewResolver,multipartResolver,org.springframework.context.annotation.ConfigurationClassPostProcessor$ImportAwareBeanPostProcessor#0]; parent: org.springframework.beans.factory.support.DefaultListableBeanFactory@128ae45a
2015-04-13 10:38:30 [1615]-[INFO] Mapped URL path [/**] onto handler 'org.springframework.web.servlet.resource.DefaultServletHttpRequestHandler#0'
2015-04-13 10:38:31 [1694]-[INFO] Mapped "{[/core],methods=[POST],params=[],headers=[],consumes=[],produces=[],custom=[]}" onto public java.lang.String cn.flower.tick.web.wechat.CoreController.execute(java.lang.String,java.lang.String,java.lang.String,java.lang.String,javax.servlet.http.HttpServletRequest)
2015-04-13 10:38:31 [1694]-[INFO] Mapped "{[/core],methods=[GET],params=[],headers=[],consumes=[],produces=[],custom=[]}" onto public java.lang.String cn.flower.tick.web.wechat.CoreController.varifySignature(java.lang.String,java.lang.String,java.lang.String,java.lang.String,javax.servlet.http.HttpServletRequest)
2015-04-13 10:38:31 [1694]-[INFO] Mapped "{[/menu/create],methods=[],params=[],headers=[],consumes=[],produces=[],custom=[]}" onto public java.lang.String cn.flower.tick.web.wechat.MenuController.createMenu()
2015-04-13 10:38:31 [1694]-[INFO] Mapped "{[/msg/receive],methods=[],params=[],headers=[],consumes=[],produces=[],custom=[]}" onto public java.lang.String cn.flower.tick.web.wechat.MessageController.handler(javax.servlet.http.HttpServletRequest)
2015-04-13 10:38:31 [2490]-[INFO] FrameworkServlet 'dispatcher': initialization completed in 1218 ms
2015-04-13 10:40:14 [1370]-[INFO] FrameworkServlet 'dispatcher': initialization started
2015-04-13 10:40:14 [1370]-[INFO] Refreshing WebApplicationContext for namespace 'dispatcher-servlet': startup date [Mon Apr 13 10:40:14 CST 2015]; parent: Root WebApplicationContext
2015-04-13 10:40:14 [1370]-[INFO] Loading XML bean definitions from class path resource [dispatcher-servlet.xml]
2015-04-13 10:40:14 [1620]-[INFO] Pre-instantiating singletons in org.springframework.beans.factory.support.DefaultListableBeanFactory@b955970: defining beans [org.springframework.web.servlet.resource.DefaultServletHttpRequestHandler#0,org.springframework.web.servlet.handler.SimpleUrlHandlerMapping#0,org.springframework.web.servlet.handler.BeanNameUrlHandlerMapping,org.springframework.web.servlet.mvc.HttpRequestHandlerAdapter,org.springframework.web.servlet.mvc.SimpleControllerHandlerAdapter,org.springframework.web.servlet.mvc.method.annotation.RequestMappingHandlerMapping#0,org.springframework.format.support.FormattingConversionServiceFactoryBean#0,org.springframework.web.servlet.mvc.method.annotation.RequestMappingHandlerAdapter#0,org.springframework.web.servlet.handler.MappedInterceptor#0,org.springframework.web.servlet.mvc.method.annotation.ExceptionHandlerExceptionResolver#0,org.springframework.web.servlet.mvc.annotation.ResponseStatusExceptionResolver#0,org.springframework.web.servlet.mvc.support.DefaultHandlerExceptionResolver#0,coreController,eventController,menuController,messageController,org.springframework.context.annotation.internalConfigurationAnnotationProcessor,org.springframework.context.annotation.internalAutowiredAnnotationProcessor,org.springframework.context.annotation.internalRequiredAnnotationProcessor,org.springframework.context.annotation.internalCommonAnnotationProcessor,org.springframework.context.annotation.internalPersistenceAnnotationProcessor,viewResolver,contentNegotiatingViewResolver,multipartResolver,org.springframework.context.annotation.ConfigurationClassPostProcessor$ImportAwareBeanPostProcessor#0]; parent: org.springframework.beans.factory.support.DefaultListableBeanFactory@620fa83
2015-04-13 10:40:15 [1714]-[INFO] Mapped URL path [/**] onto handler 'org.springframework.web.servlet.resource.DefaultServletHttpRequestHandler#0'
2015-04-13 10:40:15 [1792]-[INFO] Mapped "{[/core],methods=[POST],params=[],headers=[],consumes=[],produces=[],custom=[]}" onto public java.lang.String cn.flower.tick.web.wechat.CoreController.execute(java.lang.String,java.lang.String,java.lang.String,java.lang.String,javax.servlet.http.HttpServletRequest)
2015-04-13 10:40:15 [1792]-[INFO] Mapped "{[/core],methods=[GET],params=[],headers=[],consumes=[],produces=[],custom=[]}" onto public java.lang.String cn.flower.tick.web.wechat.CoreController.varifySignature(java.lang.String,java.lang.String,java.lang.String,java.lang.String,javax.servlet.http.HttpServletRequest)
2015-04-13 10:40:15 [1792]-[INFO] Mapped "{[/menu/create],methods=[],params=[],headers=[],consumes=[],produces=[],custom=[]}" onto public java.lang.String cn.flower.tick.web.wechat.MenuController.createMenu()
2015-04-13 10:40:15 [1792]-[INFO] Mapped "{[/msg/receive],methods=[],params=[],headers=[],consumes=[],produces=[],custom=[]}" onto public java.lang.String cn.flower.tick.web.wechat.MessageController.handler(javax.servlet.http.HttpServletRequest)
2015-04-13 10:40:15 [2636]-[INFO] FrameworkServlet 'dispatcher': initialization completed in 1266 ms
2015-04-13 10:44:31 [1437]-[INFO] FrameworkServlet 'dispatcher': initialization started
2015-04-13 10:44:31 [1437]-[INFO] Refreshing WebApplicationContext for namespace 'dispatcher-servlet': startup date [Mon Apr 13 10:44:31 CST 2015]; parent: Root WebApplicationContext
2015-04-13 10:44:31 [1437]-[INFO] Loading XML bean definitions from class path resource [dispatcher-servlet.xml]
2015-04-13 10:44:31 [1671]-[INFO] Pre-instantiating singletons in org.springframework.beans.factory.support.DefaultListableBeanFactory@365bf624: defining beans [org.springframework.web.servlet.resource.DefaultServletHttpRequestHandler#0,org.springframework.web.servlet.handler.SimpleUrlHandlerMapping#0,org.springframework.web.servlet.handler.BeanNameUrlHandlerMapping,org.springframework.web.servlet.mvc.HttpRequestHandlerAdapter,org.springframework.web.servlet.mvc.SimpleControllerHandlerAdapter,org.springframework.web.servlet.mvc.method.annotation.RequestMappingHandlerMapping#0,org.springframework.format.support.FormattingConversionServiceFactoryBean#0,org.springframework.web.servlet.mvc.method.annotation.RequestMappingHandlerAdapter#0,org.springframework.web.servlet.handler.MappedInterceptor#0,org.springframework.web.servlet.mvc.method.annotation.ExceptionHandlerExceptionResolver#0,org.springframework.web.servlet.mvc.annotation.ResponseStatusExceptionResolver#0,org.springframework.web.servlet.mvc.support.DefaultHandlerExceptionResolver#0,coreController,eventController,menuController,messageController,org.springframework.context.annotation.internalConfigurationAnnotationProcessor,org.springframework.context.annotation.internalAutowiredAnnotationProcessor,org.springframework.context.annotation.internalRequiredAnnotationProcessor,org.springframework.context.annotation.internalCommonAnnotationProcessor,org.springframework.context.annotation.internalPersistenceAnnotationProcessor,viewResolver,contentNegotiatingViewResolver,multipartResolver,org.springframework.context.annotation.ConfigurationClassPostProcessor$ImportAwareBeanPostProcessor#0]; parent: org.springframework.beans.factory.support.DefaultListableBeanFactory@435bb0f
2015-04-13 10:44:31 [1796]-[INFO] Mapped URL path [/**] onto handler 'org.springframework.web.servlet.resource.DefaultServletHttpRequestHandler#0'
2015-04-13 10:44:32 [1874]-[INFO] Mapped "{[/core],methods=[POST],params=[],headers=[],consumes=[],produces=[],custom=[]}" onto public java.lang.String cn.flower.tick.web.wechat.CoreController.execute(java.lang.String,java.lang.String,java.lang.String,java.lang.String,javax.servlet.http.HttpServletRequest)
2015-04-13 10:44:32 [1874]-[INFO] Mapped "{[/core],methods=[GET],params=[],headers=[],consumes=[],produces=[],custom=[]}" onto public java.lang.String cn.flower.tick.web.wechat.CoreController.varifySignature(java.lang.String,java.lang.String,java.lang.String,java.lang.String,javax.servlet.http.HttpServletRequest)
2015-04-13 10:44:32 [1874]-[INFO] Mapped "{[/menu/create],methods=[],params=[],headers=[],consumes=[],produces=[],custom=[]}" onto public java.lang.String cn.flower.tick.web.wechat.MenuController.createMenu()
2015-04-13 10:44:32 [1874]-[INFO] Mapped "{[/msg/receive],methods=[],params=[],headers=[],consumes=[],produces=[],custom=[]}" onto public java.lang.String cn.flower.tick.web.wechat.MessageController.handler(javax.servlet.http.HttpServletRequest)
2015-04-13 10:44:32 [2765]-[INFO] FrameworkServlet 'dispatcher': initialization completed in 1328 ms
2015-04-13 10:51:05 [1307]-[INFO] FrameworkServlet 'dispatcher': initialization started
2015-04-13 10:51:05 [1307]-[INFO] Refreshing WebApplicationContext for namespace 'dispatcher-servlet': startup date [Mon Apr 13 10:51:05 CST 2015]; parent: Root WebApplicationContext
2015-04-13 10:51:05 [1307]-[INFO] Loading XML bean definitions from class path resource [dispatcher-servlet.xml]
2015-04-13 10:51:05 [1542]-[INFO] Pre-instantiating singletons in org.springframework.beans.factory.support.DefaultListableBeanFactory@302a0a5: defining beans [org.springframework.web.servlet.resource.DefaultServletHttpRequestHandler#0,org.springframework.web.servlet.handler.SimpleUrlHandlerMapping#0,org.springframework.web.servlet.handler.BeanNameUrlHandlerMapping,org.springframework.web.servlet.mvc.HttpRequestHandlerAdapter,org.springframework.web.servlet.mvc.SimpleControllerHandlerAdapter,org.springframework.web.servlet.mvc.method.annotation.RequestMappingHandlerMapping#0,org.springframework.format.support.FormattingConversionServiceFactoryBean#0,org.springframework.web.servlet.mvc.method.annotation.RequestMappingHandlerAdapter#0,org.springframework.web.servlet.handler.MappedInterceptor#0,org.springframework.web.servlet.mvc.method.annotation.ExceptionHandlerExceptionResolver#0,org.springframework.web.servlet.mvc.annotation.ResponseStatusExceptionResolver#0,org.springframework.web.servlet.mvc.support.DefaultHandlerExceptionResolver#0,coreController,eventController,menuController,messageController,org.springframework.context.annotation.internalConfigurationAnnotationProcessor,org.springframework.context.annotation.internalAutowiredAnnotationProcessor,org.springframework.context.annotation.internalRequiredAnnotationProcessor,org.springframework.context.annotation.internalCommonAnnotationProcessor,org.springframework.context.annotation.internalPersistenceAnnotationProcessor,viewResolver,contentNegotiatingViewResolver,multipartResolver,org.springframework.context.annotation.ConfigurationClassPostProcessor$ImportAwareBeanPostProcessor#0]; parent: org.springframework.beans.factory.support.DefaultListableBeanFactory@620fa83
2015-04-13 10:51:05 [1635]-[INFO] Mapped URL path [/**] onto handler 'org.springframework.web.servlet.resource.DefaultServletHttpRequestHandler#0'
2015-04-13 10:51:05 [1714]-[INFO] Mapped "{[/core],methods=[POST],params=[],headers=[],consumes=[],produces=[],custom=[]}" onto public java.lang.String cn.flower.tick.web.wechat.CoreController.execute(java.lang.String,java.lang.String,java.lang.String,java.lang.String,javax.servlet.http.HttpServletRequest)
2015-04-13 10:51:05 [1714]-[INFO] Mapped "{[/core],methods=[GET],params=[],headers=[],consumes=[],produces=[],custom=[]}" onto public java.lang.String cn.flower.tick.web.wechat.CoreController.varifySignature(java.lang.String,java.lang.String,java.lang.String,java.lang.String,javax.servlet.http.HttpServletRequest)
2015-04-13 10:51:05 [1714]-[INFO] Mapped "{[/menu/create],methods=[],params=[],headers=[],consumes=[],produces=[],custom=[]}" onto public java.lang.String cn.flower.tick.web.wechat.MenuController.createMenu()
2015-04-13 10:51:05 [1714]-[INFO] Mapped "{[/msg/receive],methods=[],params=[],headers=[],consumes=[],produces=[],custom=[]}" onto public java.lang.String cn.flower.tick.web.wechat.MessageController.handler(javax.servlet.http.HttpServletRequest)
2015-04-13 10:51:06 [2542]-[INFO] FrameworkServlet 'dispatcher': initialization completed in 1235 ms
2015-04-13 11:03:52 [1391]-[INFO] FrameworkServlet 'dispatcher': initialization started
2015-04-13 11:03:52 [1391]-[INFO] Refreshing WebApplicationContext for namespace 'dispatcher-servlet': startup date [Mon Apr 13 11:03:52 CST 2015]; parent: Root WebApplicationContext
2015-04-13 11:03:52 [1407]-[INFO] Loading XML bean definitions from class path resource [dispatcher-servlet.xml]
2015-04-13 11:03:52 [1626]-[INFO] Pre-instantiating singletons in org.springframework.beans.factory.support.DefaultListableBeanFactory@365bf624: defining beans [org.springframework.web.servlet.resource.DefaultServletHttpRequestHandler#0,org.springframework.web.servlet.handler.SimpleUrlHandlerMapping#0,org.springframework.web.servlet.handler.BeanNameUrlHandlerMapping,org.springframework.web.servlet.mvc.HttpRequestHandlerAdapter,org.springframework.web.servlet.mvc.SimpleControllerHandlerAdapter,org.springframework.web.servlet.mvc.method.annotation.RequestMappingHandlerMapping#0,org.springframework.format.support.FormattingConversionServiceFactoryBean#0,org.springframework.web.servlet.mvc.method.annotation.RequestMappingHandlerAdapter#0,org.springframework.web.servlet.handler.MappedInterceptor#0,org.springframework.web.servlet.mvc.method.annotation.ExceptionHandlerExceptionResolver#0,org.springframework.web.servlet.mvc.annotation.ResponseStatusExceptionResolver#0,org.springframework.web.servlet.mvc.support.DefaultHandlerExceptionResolver#0,coreController,eventController,menuController,messageController,org.springframework.context.annotation.internalConfigurationAnnotationProcessor,org.springframework.context.annotation.internalAutowiredAnnotationProcessor,org.springframework.context.annotation.internalRequiredAnnotationProcessor,org.springframework.context.annotation.internalCommonAnnotationProcessor,org.springframework.context.annotation.internalPersistenceAnnotationProcessor,viewResolver,contentNegotiatingViewResolver,multipartResolver,org.springframework.context.annotation.ConfigurationClassPostProcessor$ImportAwareBeanPostProcessor#0]; parent: org.springframework.beans.factory.support.DefaultListableBeanFactory@638bd7f1
2015-04-13 11:03:53 [1766]-[INFO] Mapped URL path [/**] onto handler 'org.springframework.web.servlet.resource.DefaultServletHttpRequestHandler#0'
2015-04-13 11:03:53 [1876]-[INFO] Mapped "{[/core],methods=[POST],params=[],headers=[],consumes=[],produces=[],custom=[]}" onto public java.lang.String cn.flower.tick.web.wechat.CoreController.execute(java.lang.String,java.lang.String,java.lang.String,java.lang.String,javax.servlet.http.HttpServletRequest)
2015-04-13 11:03:53 [1876]-[INFO] Mapped "{[/core],methods=[GET],params=[],headers=[],consumes=[],produces=[],custom=[]}" onto public java.lang.String cn.flower.tick.web.wechat.CoreController.varifySignature(java.lang.String,java.lang.String,java.lang.String,java.lang.String,javax.servlet.http.HttpServletRequest)
2015-04-13 11:03:53 [1876]-[INFO] Mapped "{[/menu/create],methods=[],params=[],headers=[],consumes=[],produces=[],custom=[]}" onto public java.lang.String cn.flower.tick.web.wechat.MenuController.createMenu()
2015-04-13 11:03:53 [1876]-[INFO] Mapped "{[/msg/receive],methods=[],params=[],headers=[],consumes=[],produces=[],custom=[]}" onto public java.lang.String cn.flower.tick.web.wechat.MessageController.handler(javax.servlet.http.HttpServletRequest)
2015-04-13 11:03:54 [2704]-[INFO] FrameworkServlet 'dispatcher': initialization completed in 1313 ms
2015-04-14 08:43:36 [1647]-[INFO] FrameworkServlet 'dispatcher': initialization started
2015-04-14 08:43:36 [1647]-[INFO] Refreshing WebApplicationContext for namespace 'dispatcher-servlet': startup date [Tue Apr 14 08:43:36 CST 2015]; parent: Root WebApplicationContext
2015-04-14 08:43:36 [1647]-[INFO] Loading XML bean definitions from class path resource [dispatcher-servlet.xml]
2015-04-14 08:43:36 [1897]-[INFO] Pre-instantiating singletons in org.springframework.beans.factory.support.DefaultListableBeanFactory@831fb31: defining beans [org.springframework.web.servlet.resource.DefaultServletHttpRequestHandler#0,org.springframework.web.servlet.handler.SimpleUrlHandlerMapping#0,org.springframework.web.servlet.handler.BeanNameUrlHandlerMapping,org.springframework.web.servlet.mvc.HttpRequestHandlerAdapter,org.springframework.web.servlet.mvc.SimpleControllerHandlerAdapter,org.springframework.web.servlet.mvc.method.annotation.RequestMappingHandlerMapping#0,org.springframework.format.support.FormattingConversionServiceFactoryBean#0,org.springframework.web.servlet.mvc.method.annotation.RequestMappingHandlerAdapter#0,org.springframework.web.servlet.handler.MappedInterceptor#0,org.springframework.web.servlet.mvc.method.annotation.ExceptionHandlerExceptionResolver#0,org.springframework.web.servlet.mvc.annotation.ResponseStatusExceptionResolver#0,org.springframework.web.servlet.mvc.support.DefaultHandlerExceptionResolver#0,coreController,eventController,menuController,messageController,org.springframework.context.annotation.internalConfigurationAnnotationProcessor,org.springframework.context.annotation.internalAutowiredAnnotationProcessor,org.springframework.context.annotation.internalRequiredAnnotationProcessor,org.springframework.context.annotation.internalCommonAnnotationProcessor,org.springframework.context.annotation.internalPersistenceAnnotationProcessor,viewResolver,contentNegotiatingViewResolver,multipartResolver,org.springframework.context.annotation.ConfigurationClassPostProcessor$ImportAwareBeanPostProcessor#0]; parent: org.springframework.beans.factory.support.DefaultListableBeanFactory@581de498
2015-04-14 08:43:36 [2053]-[INFO] Mapped URL path [/**] onto handler 'org.springframework.web.servlet.resource.DefaultServletHttpRequestHandler#0'
2015-04-14 08:43:36 [2163]-[INFO] Mapped "{[/core],methods=[POST],params=[],headers=[],consumes=[],produces=[],custom=[]}" onto public java.lang.String cn.flower.tick.web.wechat.CoreController.execute(java.lang.String,java.lang.String,java.lang.String,java.lang.String,javax.servlet.http.HttpServletRequest)
2015-04-14 08:43:36 [2163]-[INFO] Mapped "{[/core],methods=[GET],params=[],headers=[],consumes=[],produces=[],custom=[]}" onto public java.lang.String cn.flower.tick.web.wechat.CoreController.varifySignature(java.lang.String,java.lang.String,java.lang.String,java.lang.String,javax.servlet.http.HttpServletRequest)
2015-04-14 08:43:36 [2163]-[INFO] Mapped "{[/menu/create],methods=[],params=[],headers=[],consumes=[],produces=[],custom=[]}" onto public java.lang.String cn.flower.tick.web.wechat.MenuController.createMenu()
2015-04-14 08:43:36 [2163]-[INFO] Mapped "{[/msg/receive],methods=[],params=[],headers=[],consumes=[],produces=[],custom=[]}" onto public java.lang.String cn.flower.tick.web.wechat.MessageController.handler(javax.servlet.http.HttpServletRequest)
2015-04-14 08:43:37 [3210]-[INFO] FrameworkServlet 'dispatcher': initialization completed in 1547 ms
2015-04-14 08:44:44 [1484]-[INFO] FrameworkServlet 'dispatcher': initialization started
2015-04-14 08:44:44 [1500]-[INFO] Refreshing WebApplicationContext for namespace 'dispatcher-servlet': startup date [Tue Apr 14 08:44:44 CST 2015]; parent: Root WebApplicationContext
2015-04-14 08:44:44 [1500]-[INFO] Loading XML bean definitions from class path resource [dispatcher-servlet.xml]
2015-04-14 08:44:44 [1718]-[INFO] Pre-instantiating singletons in org.springframework.beans.factory.support.DefaultListableBeanFactory@b955970: defining beans [org.springframework.web.servlet.resource.DefaultServletHttpRequestHandler#0,org.springframework.web.servlet.handler.SimpleUrlHandlerMapping#0,org.springframework.web.servlet.handler.BeanNameUrlHandlerMapping,org.springframework.web.servlet.mvc.HttpRequestHandlerAdapter,org.springframework.web.servlet.mvc.SimpleControllerHandlerAdapter,org.springframework.web.servlet.mvc.method.annotation.RequestMappingHandlerMapping#0,org.springframework.format.support.FormattingConversionServiceFactoryBean#0,org.springframework.web.servlet.mvc.method.annotation.RequestMappingHandlerAdapter#0,org.springframework.web.servlet.handler.MappedInterceptor#0,org.springframework.web.servlet.mvc.method.annotation.ExceptionHandlerExceptionResolver#0,org.springframework.web.servlet.mvc.annotation.ResponseStatusExceptionResolver#0,org.springframework.web.servlet.mvc.support.DefaultHandlerExceptionResolver#0,coreController,eventController,menuController,messageController,org.springframework.context.annotation.internalConfigurationAnnotationProcessor,org.springframework.context.annotation.internalAutowiredAnnotationProcessor,org.springframework.context.annotation.internalRequiredAnnotationProcessor,org.springframework.context.annotation.internalCommonAnnotationProcessor,org.springframework.context.annotation.internalPersistenceAnnotationProcessor,viewResolver,contentNegotiatingViewResolver,multipartResolver,org.springframework.context.annotation.ConfigurationClassPostProcessor$ImportAwareBeanPostProcessor#0]; parent: org.springframework.beans.factory.support.DefaultListableBeanFactory@638bd7f1
2015-04-14 08:44:44 [1828]-[INFO] Mapped URL path [/**] onto handler 'org.springframework.web.servlet.resource.DefaultServletHttpRequestHandler#0'
2015-04-14 08:44:44 [1921]-[INFO] Mapped "{[/core],methods=[POST],params=[],headers=[],consumes=[],produces=[],custom=[]}" onto public java.lang.String cn.flower.tick.web.wechat.CoreController.execute(java.lang.String,java.lang.String,java.lang.String,java.lang.String,javax.servlet.http.HttpServletRequest)
2015-04-14 08:44:44 [1921]-[INFO] Mapped "{[/core],methods=[GET],params=[],headers=[],consumes=[],produces=[],custom=[]}" onto public java.lang.String cn.flower.tick.web.wechat.CoreController.varifySignature(java.lang.String,java.lang.String,java.lang.String,java.lang.String,javax.servlet.http.HttpServletRequest)
2015-04-14 08:44:44 [1921]-[INFO] Mapped "{[/menu/create],methods=[],params=[],headers=[],consumes=[],produces=[],custom=[]}" onto public java.lang.String cn.flower.tick.web.wechat.MenuController.createMenu()
2015-04-14 08:44:44 [1921]-[INFO] Mapped "{[/msg/receive],methods=[],params=[],headers=[],consumes=[],produces=[],custom=[]}" onto public java.lang.String cn.flower.tick.web.wechat.MessageController.handler(javax.servlet.http.HttpServletRequest)
2015-04-14 08:44:45 [2812]-[INFO] FrameworkServlet 'dispatcher': initialization completed in 1328 ms
